[2024-06-19T14:52:03.377+0000] {local_task_job_runner.py:120} INFO - ::group::Pre task execution logs
[2024-06-19T14:52:03.392+0000] {taskinstance.py:2076} INFO - Dependencies all met for dep_context=non-requeueable deps ti=<TaskInstance: emailtest.task4 manual__2024-06-19T14:51:46.986165+00:00 [queued]>
[2024-06-19T14:52:03.397+0000] {taskinstance.py:2076} INFO - Dependencies all met for dep_context=requeueable deps ti=<TaskInstance: emailtest.task4 manual__2024-06-19T14:51:46.986165+00:00 [queued]>
[2024-06-19T14:52:03.397+0000] {taskinstance.py:2306} INFO - Starting attempt 2 of 2
[2024-06-19T14:52:03.406+0000] {taskinstance.py:2330} INFO - Executing <Task(BashOperator): task4> on 2024-06-19 14:51:46.986165+00:00
[2024-06-19T14:52:03.409+0000] {warnings.py:112} WARNING - /home/***/.local/lib/python3.12/site-packages/***/task/task_runner/standard_task_runner.py:61: DeprecationWarning: This process (pid=72) is multi-threaded, use of fork() may lead to deadlocks in the child.
  pid = os.fork()

[2024-06-19T14:52:03.410+0000] {standard_task_runner.py:63} INFO - Started process 73 to run task
[2024-06-19T14:52:03.411+0000] {standard_task_runner.py:90} INFO - Running: ['***', 'tasks', 'run', 'emailtest', 'task4', 'manual__2024-06-19T14:51:46.986165+00:00', '--job-id', '162', '--raw', '--subdir', 'DAGS_FOLDER/emailtest.py', '--cfg-path', '/tmp/tmpen38izh0']
[2024-06-19T14:52:03.412+0000] {standard_task_runner.py:91} INFO - Job 162: Subtask task4
[2024-06-19T14:52:03.442+0000] {task_command.py:426} INFO - Running <TaskInstance: emailtest.task4 manual__2024-06-19T14:51:46.986165+00:00 [running]> on host d20a658c1fdb
[2024-06-19T14:52:03.492+0000] {taskinstance.py:2648} INFO - Exporting env vars: AIRFLOW_CTX_DAG_EMAIL='liviataina.ltab@gmail.com' AIRFLOW_CTX_DAG_OWNER='***' AIRFLOW_CTX_DAG_ID='emailtest' AIRFLOW_CTX_TASK_ID='task4' AIRFLOW_CTX_EXECUTION_DATE='2024-06-19T14:51:46.986165+00:00' AIRFLOW_CTX_TRY_NUMBER='2' AIRFLOW_CTX_DAG_RUN_ID='manual__2024-06-19T14:51:46.986165+00:00'
[2024-06-19T14:52:03.493+0000] {taskinstance.py:430} INFO - ::endgroup::
[2024-06-19T14:52:03.502+0000] {subprocess.py:63} INFO - Tmp dir root location: /tmp
[2024-06-19T14:52:03.502+0000] {subprocess.py:75} INFO - Running command: ['/usr/bin/bash', '-c', 'exit 1']
[2024-06-19T14:52:03.509+0000] {subprocess.py:86} INFO - Output:
[2024-06-19T14:52:03.510+0000] {subprocess.py:97} INFO - Command exited with return code 1
[2024-06-19T14:52:03.510+0000] {taskinstance.py:441} INFO - ::group::Post task execution logs
[2024-06-19T14:52:03.517+0000] {taskinstance.py:2905} ERROR - Task failed with exception
Traceback (most recent call last):
  File "/home/airflow/.local/lib/python3.12/site-packages/airflow/models/taskinstance.py", line 465, in _execute_task
    result = _execute_callable(context=context, **execute_callable_kwargs)
             ^^^^^^^^^^^^^^^^^^^^^^^^^^^^^^^^^^^^^^^^^^^^^^^^^^^^^^^^^^^^^
  File "/home/airflow/.local/lib/python3.12/site-packages/airflow/models/taskinstance.py", line 432, in _execute_callable
    return execute_callable(context=context, **execute_callable_kwargs)
           ^^^^^^^^^^^^^^^^^^^^^^^^^^^^^^^^^^^^^^^^^^^^^^^^^^^^^^^^^^^^
  File "/home/airflow/.local/lib/python3.12/site-packages/airflow/models/baseoperator.py", line 401, in wrapper
    return func(self, *args, **kwargs)
           ^^^^^^^^^^^^^^^^^^^^^^^^^^^
  File "/home/airflow/.local/lib/python3.12/site-packages/airflow/operators/bash.py", line 243, in execute
    raise AirflowException(
airflow.exceptions.AirflowException: Bash command failed. The command returned a non-zero exit code 1.
[2024-06-19T14:52:03.519+0000] {taskinstance.py:1206} INFO - Marking task as FAILED. dag_id=emailtest, task_id=task4, run_id=manual__2024-06-19T14:51:46.986165+00:00, execution_date=20240619T145146, start_date=20240619T145203, end_date=20240619T145203
[2024-06-19T14:52:03.530+0000] {warnings.py:112} WARNING - /home/***/.local/lib/python3.12/site-packages/***/utils/email.py:154: RemovedInAirflow3Warning: Fetching SMTP credentials from configuration variables will be deprecated in a future release. Please set credentials using a connection instead.
  send_mime_email(e_from=mail_from, e_to=recipients, mime_msg=msg, conn_id=conn_id, dryrun=dryrun)

[2024-06-19T14:52:03.531+0000] {email.py:271} INFO - Email alerting: attempt 1
[2024-06-19T14:52:06.682+0000] {email.py:271} INFO - Email alerting: attempt 1
[2024-06-19T14:52:09.425+0000] {taskinstance.py:879} ERROR - Failed to send email to: ['liviataina.ltab@gmail.com']
Traceback (most recent call last):
  File "/home/airflow/.local/lib/python3.12/site-packages/airflow/models/taskinstance.py", line 2479, in _run_raw_task
    self._execute_task_with_callbacks(context, test_mode, session=session)
  File "/home/airflow/.local/lib/python3.12/site-packages/airflow/models/taskinstance.py", line 2676, in _execute_task_with_callbacks
    result = self._execute_task(context, task_orig)
             ^^^^^^^^^^^^^^^^^^^^^^^^^^^^^^^^^^^^^^
  File "/home/airflow/.local/lib/python3.12/site-packages/airflow/models/taskinstance.py", line 2701, in _execute_task
    return _execute_task(self, context, task_orig)
           ^^^^^^^^^^^^^^^^^^^^^^^^^^^^^^^^^^^^^^^
  File "/home/airflow/.local/lib/python3.12/site-packages/airflow/models/taskinstance.py", line 465, in _execute_task
    result = _execute_callable(context=context, **execute_callable_kwargs)
             ^^^^^^^^^^^^^^^^^^^^^^^^^^^^^^^^^^^^^^^^^^^^^^^^^^^^^^^^^^^^^
  File "/home/airflow/.local/lib/python3.12/site-packages/airflow/models/taskinstance.py", line 432, in _execute_callable
    return execute_callable(context=context, **execute_callable_kwargs)
           ^^^^^^^^^^^^^^^^^^^^^^^^^^^^^^^^^^^^^^^^^^^^^^^^^^^^^^^^^^^^
  File "/home/airflow/.local/lib/python3.12/site-packages/airflow/models/baseoperator.py", line 401, in wrapper
    return func(self, *args, **kwargs)
           ^^^^^^^^^^^^^^^^^^^^^^^^^^^
  File "/home/airflow/.local/lib/python3.12/site-packages/airflow/operators/bash.py", line 243, in execute
    raise AirflowException(
airflow.exceptions.AirflowException: Bash command failed. The command returned a non-zero exit code 1.

During handling of the above exception, another exception occurred:

Traceback (most recent call last):
  File "/home/airflow/.local/lib/python3.12/site-packages/airflow/models/taskinstance.py", line 1063, in _email_alert
    send_email(task.email, subject, html_content)
  File "/home/airflow/.local/lib/python3.12/site-packages/airflow/utils/email.py", line 80, in send_email
    return backend(
           ^^^^^^^^
  File "/home/airflow/.local/lib/python3.12/site-packages/airflow/utils/email.py", line 154, in send_email_smtp
    send_mime_email(e_from=mail_from, e_to=recipients, mime_msg=msg, conn_id=conn_id, dryrun=dryrun)
  File "/home/airflow/.local/lib/python3.12/site-packages/airflow/utils/email.py", line 279, in send_mime_email
    smtp_conn.starttls()
  File "/usr/local/lib/python3.12/smtplib.py", line 771, in starttls
    raise SMTPNotSupportedError(
smtplib.SMTPNotSupportedError: STARTTLS extension not supported by server.

During handling of the above exception, another exception occurred:

Traceback (most recent call last):
  File "/home/airflow/.local/lib/python3.12/site-packages/airflow/models/taskinstance.py", line 877, in _handle_failure
    task_instance.email_alert(error, failure_context["task"])
  File "/home/airflow/.local/lib/python3.12/site-packages/airflow/models/taskinstance.py", line 3163, in email_alert
    _email_alert(task_instance=self, exception=exception, task=task)
  File "/home/airflow/.local/lib/python3.12/site-packages/airflow/models/taskinstance.py", line 1065, in _email_alert
    send_email(task.email, subject, html_content_err)
  File "/home/airflow/.local/lib/python3.12/site-packages/airflow/utils/email.py", line 80, in send_email
    return backend(
           ^^^^^^^^
  File "/home/airflow/.local/lib/python3.12/site-packages/airflow/utils/email.py", line 154, in send_email_smtp
    send_mime_email(e_from=mail_from, e_to=recipients, mime_msg=msg, conn_id=conn_id, dryrun=dryrun)
  File "/home/airflow/.local/lib/python3.12/site-packages/airflow/utils/email.py", line 279, in send_mime_email
    smtp_conn.starttls()
  File "/usr/local/lib/python3.12/smtplib.py", line 771, in starttls
    raise SMTPNotSupportedError(
smtplib.SMTPNotSupportedError: STARTTLS extension not supported by server.
[2024-06-19T14:52:09.458+0000] {standard_task_runner.py:110} ERROR - Failed to execute job 162 for task task4 (Bash command failed. The command returned a non-zero exit code 1.; 73)
[2024-06-19T14:52:09.466+0000] {local_task_job_runner.py:240} INFO - Task exited with return code 1
[2024-06-19T14:52:09.493+0000] {taskinstance.py:3503} INFO - 1 downstream tasks scheduled from follow-on schedule check
[2024-06-19T14:52:09.496+0000] {local_task_job_runner.py:222} INFO - ::endgroup::
